2025-03-29 13:45:53,376 - INFO - Successfully loaded cleaned_data.csv
2025-03-29 13:45:53,424 - INFO - Connected to Supabase database successfully.
2025-03-29 13:45:53,480 - INFO - Data inserted successfully into patient_demographics
2025-03-29 13:45:53,486 - INFO - Data inserted successfully into patient_visits
2025-03-29 13:45:53,502 - INFO - Data inserted successfully into patient_lab_results
2025-03-29 13:45:53,511 - INFO - Data inserted successfully into patient_medications
2025-03-29 13:45:53,518 - INFO - Data inserted successfully into physician_assignments
2025-03-29 17:18:20,721 - INFO - Successfully loaded cleaned_data.csv
2025-03-29 17:18:20,758 - INFO - Connected to Supabase database successfully.
2025-03-29 17:18:20,801 - INFO - Data inserted successfully into patient_demographics
2025-03-29 17:18:20,807 - INFO - Data inserted successfully into patient_visits
2025-03-29 17:18:20,815 - INFO - Data inserted successfully into patient_lab_results
2025-03-29 17:18:20,823 - INFO - Data inserted successfully into patient_medications
2025-03-29 17:18:20,829 - INFO - Data inserted successfully into physician_assignments
2025-03-30 14:36:17,769 - INFO - Successfully loaded cleaned_data.csv
2025-03-30 14:36:17,824 - INFO - Connected to Supabase database successfully.
2025-03-30 14:36:17,872 - INFO - Data inserted successfully into patient_demographics
2025-03-30 14:36:17,886 - INFO - Data inserted successfully into patient_visits
2025-03-30 14:36:17,902 - INFO - Data inserted successfully into patient_lab_results
2025-03-30 14:36:17,914 - INFO - Data inserted successfully into patient_medications
2025-03-30 14:36:17,926 - INFO - Data inserted successfully into physician_assignments
2025-03-30 22:57:05,929 - INFO - Successfully loaded cleaned_data.csv
2025-03-30 22:57:05,999 - INFO - Connected to Supabase database successfully.
2025-03-30 22:57:06,065 - INFO - Data inserted successfully into patient_demographics
2025-03-30 22:57:06,075 - INFO - Data inserted successfully into patient_visits
2025-03-30 22:57:06,085 - INFO - Data inserted successfully into patient_lab_results
2025-03-30 22:57:06,095 - INFO - Data inserted successfully into patient_medications
2025-03-30 22:57:06,106 - INFO - Data inserted successfully into physician_assignments
2025-03-31 08:37:11,129 - INFO - Successfully loaded cleaned_data.csv
2025-03-31 08:37:11,184 - INFO - Connected to Supabase database successfully.
2025-03-31 08:37:11,332 - INFO - Data inserted successfully into patient_demographics
2025-03-31 08:37:11,378 - INFO - Data inserted successfully into patient_visits
2025-03-31 08:37:11,407 - INFO - Data inserted successfully into patient_lab_results
2025-03-31 08:37:11,441 - INFO - Data inserted successfully into patient_medications
2025-03-31 08:37:11,474 - INFO - Data inserted successfully into physician_assignments
2025-03-31 08:37:59,722 - INFO - Successfully loaded cleaned_data.csv
2025-03-31 08:37:59,762 - INFO - Connected to Supabase database successfully.
2025-03-31 08:37:59,955 - INFO - Data inserted successfully into patient_demographics
2025-03-31 08:38:00,026 - INFO - Data inserted successfully into patient_visits
2025-03-31 08:38:00,098 - INFO - Data inserted successfully into patient_lab_results
2025-03-31 08:38:00,146 - INFO - Data inserted successfully into patient_medications
2025-03-31 08:38:00,331 - INFO - Data inserted successfully into physician_assignments
2025-03-31 09:32:19,334 - INFO - Successfully loaded cleaned_data.csv
2025-03-31 09:32:19,373 - INFO - Connected to Supabase database successfully.
2025-03-31 09:32:19,591 - INFO - Data inserted successfully into patient_demographics
2025-03-31 09:32:19,664 - INFO - Data inserted successfully into patient_visits
2025-03-31 09:32:19,730 - INFO - Data inserted successfully into patient_lab_results
2025-03-31 09:32:19,789 - INFO - Data inserted successfully into patient_medications
2025-03-31 09:32:19,836 - INFO - Data inserted successfully into physician_assignments
2025-03-31 09:38:34,990 - INFO - Successfully loaded cleaned_data.csv
2025-03-31 09:38:35,036 - INFO - Connected to Supabase database successfully.
2025-03-31 09:38:35,299 - INFO - Data inserted successfully into patient_demographics
2025-03-31 09:38:35,391 - INFO - Data inserted successfully into patient_visits
2025-03-31 09:38:35,465 - INFO - Data inserted successfully into patient_lab_results
2025-03-31 09:38:35,529 - INFO - Data inserted successfully into patient_medications
2025-03-31 09:38:35,593 - INFO - Data inserted successfully into physician_assignments
2025-03-31 22:59:59,432 - INFO - Successfully loaded cleaned_data.csv
2025-03-31 22:59:59,477 - INFO - Connected to Supabase database successfully.
2025-03-31 22:59:59,527 - INFO - Data inserted successfully into patient_demographics
2025-03-31 22:59:59,543 - INFO - Data inserted successfully into patient_visits
2025-03-31 22:59:59,555 - INFO - Data inserted successfully into patient_lab_results
2025-03-31 22:59:59,567 - INFO - Data inserted successfully into patient_medications
2025-03-31 22:59:59,582 - INFO - Data inserted successfully into physician_assignments
2025-04-01 10:27:50,174 - INFO - Successfully loaded cleaned_data.csv
2025-04-01 10:27:50,216 - INFO - Connected to Supabase database successfully.
2025-04-01 10:27:50,342 - INFO - Data inserted successfully into patient_demographics
2025-04-01 10:27:50,389 - INFO - Data inserted successfully into patient_visits
2025-04-01 10:27:50,455 - INFO - Data inserted successfully into patient_lab_results
2025-04-01 10:27:50,504 - INFO - Data inserted successfully into patient_medications
2025-04-01 10:27:50,545 - INFO - Data inserted successfully into physician_assignments
2025-04-01 14:23:12,009 - INFO - Successfully loaded cleaned_data.csv
2025-04-01 14:23:12,053 - INFO - Connected to Supabase database successfully.
2025-04-01 14:23:12,234 - INFO - Data inserted successfully into patient_demographics
2025-04-01 14:23:12,274 - INFO - Data inserted successfully into patient_visits
2025-04-01 14:23:12,322 - INFO - Data inserted successfully into patient_lab_results
2025-04-01 14:23:12,363 - INFO - Data inserted successfully into patient_medications
2025-04-01 14:23:12,403 - INFO - Data inserted successfully into physician_assignments
2025-04-10 11:26:06,919 - INFO - Successfully loaded cleaned_data.csv
2025-04-10 11:26:06,985 - INFO - Connected to Supabase database successfully.
2025-04-10 11:26:07,168 - INFO - Data inserted successfully into patient_demographics
2025-04-10 11:26:07,217 - INFO - Data inserted successfully into patient_visits
2025-04-10 11:26:07,266 - INFO - Data inserted successfully into patient_lab_results
2025-04-10 11:26:07,315 - INFO - Data inserted successfully into patient_medications
2025-04-10 11:26:07,362 - INFO - Data inserted successfully into physician_assignments
2025-04-10 17:19:20,659 - INFO - Successfully loaded cleaned_data.csv
2025-04-10 17:19:20,718 - INFO - Connected to Supabase database successfully.
2025-04-10 17:19:20,848 - INFO - Data inserted successfully into patient_demographics
2025-04-10 17:19:20,899 - INFO - Data inserted successfully into patient_visits
2025-04-10 17:19:20,950 - INFO - Data inserted successfully into patient_lab_results
2025-04-10 17:19:20,990 - INFO - Data inserted successfully into patient_medications
2025-04-10 17:19:21,029 - INFO - Data inserted successfully into physician_assignments
2025-04-11 09:14:02,324 - INFO - Successfully loaded cleaned_data.csv
2025-04-11 09:14:02,370 - INFO - Connected to Supabase database successfully.
2025-04-11 09:14:02,499 - INFO - Data inserted successfully into patient_demographics
2025-04-11 09:14:02,537 - INFO - Data inserted successfully into patient_visits
2025-04-11 09:14:02,574 - INFO - Data inserted successfully into patient_lab_results
2025-04-11 09:14:02,608 - INFO - Data inserted successfully into patient_medications
2025-04-11 09:14:02,643 - INFO - Data inserted successfully into physician_assignments
2025-04-11 12:56:03,815 - INFO - Successfully loaded cleaned_data.csv
2025-04-11 12:56:03,856 - INFO - Connected to Supabase database successfully.
2025-04-11 12:56:03,984 - INFO - Data inserted successfully into patient_demographics
2025-04-11 12:56:04,037 - INFO - Data inserted successfully into patient_visits
2025-04-11 12:56:04,084 - INFO - Data inserted successfully into patient_lab_results
2025-04-11 12:56:04,130 - INFO - Data inserted successfully into patient_medications
2025-04-11 12:56:04,168 - INFO - Data inserted successfully into physician_assignments
2025-04-11 18:04:55,772 - INFO - Successfully loaded cleaned_data.csv
2025-04-11 18:04:55,860 - INFO - Connected to Supabase database successfully.
2025-04-11 18:04:56,244 - INFO - Data inserted successfully into patient_demographics
2025-04-11 18:04:56,348 - INFO - Data inserted successfully into patient_visits
2025-04-11 18:04:56,408 - INFO - Data inserted successfully into patient_lab_results
2025-04-11 18:04:56,464 - INFO - Data inserted successfully into patient_medications
2025-04-11 18:04:56,516 - INFO - Data inserted successfully into physician_assignments
2025-04-12 08:13:49,573 - INFO - Successfully loaded cleaned_data.csv
2025-04-12 08:13:49,610 - INFO - Connected to Supabase database successfully.
2025-04-12 08:13:49,710 - INFO - Data inserted successfully into patient_demographics
2025-04-12 08:13:49,751 - INFO - Data inserted successfully into patient_visits
2025-04-12 08:13:49,800 - INFO - Data inserted successfully into patient_lab_results
2025-04-12 08:13:49,842 - INFO - Data inserted successfully into patient_medications
2025-04-12 08:13:49,878 - INFO - Data inserted successfully into physician_assignments
2025-04-12 09:33:02,921 - INFO - Successfully loaded cleaned_data.csv
2025-04-12 09:33:02,983 - INFO - Connected to Supabase database successfully.
2025-04-12 09:33:03,201 - INFO - Data inserted successfully into patient_demographics
2025-04-12 09:33:03,254 - INFO - Data inserted successfully into patient_visits
2025-04-12 09:33:03,313 - INFO - Data inserted successfully into patient_lab_results
2025-04-12 09:33:03,370 - INFO - Data inserted successfully into patient_medications
2025-04-12 09:33:03,426 - INFO - Data inserted successfully into physician_assignments
2025-04-12 12:24:39,487 - INFO - Successfully loaded cleaned_data.csv
2025-04-12 12:24:39,529 - INFO - Connected to Supabase database successfully.
2025-04-12 12:24:39,704 - INFO - Data inserted successfully into patient_demographics
2025-04-12 12:24:39,745 - INFO - Data inserted successfully into patient_visits
2025-04-12 12:24:39,788 - INFO - Data inserted successfully into patient_lab_results
2025-04-12 12:24:39,833 - INFO - Data inserted successfully into patient_medications
2025-04-12 12:24:39,879 - INFO - Data inserted successfully into physician_assignments
2025-04-12 13:04:12,971 - INFO - Successfully loaded cleaned_data.csv
2025-04-12 13:04:13,020 - INFO - Connected to Supabase database successfully.
2025-04-12 13:04:13,144 - INFO - Data inserted successfully into patient_demographics
2025-04-12 13:04:13,184 - INFO - Data inserted successfully into patient_visits
2025-04-12 13:04:13,223 - INFO - Data inserted successfully into patient_lab_results
2025-04-12 13:04:13,261 - INFO - Data inserted successfully into patient_medications
2025-04-12 13:04:13,309 - INFO - Data inserted successfully into physician_assignments
2025-04-12 18:19:09,783 - INFO - Successfully loaded cleaned_data.csv
2025-04-12 18:19:09,848 - INFO - Connected to Supabase database successfully.
2025-04-12 18:19:09,983 - INFO - Data inserted successfully into patient_demographics
2025-04-12 18:19:10,031 - INFO - Data inserted successfully into patient_visits
2025-04-12 18:19:10,078 - INFO - Data inserted successfully into patient_lab_results
2025-04-12 18:19:10,131 - INFO - Data inserted successfully into patient_medications
2025-04-12 18:19:10,176 - INFO - Data inserted successfully into physician_assignments
2025-04-12 21:08:54,482 - INFO - Successfully loaded cleaned_data.csv
2025-04-12 21:08:54,545 - INFO - Connected to Supabase database successfully.
2025-04-12 21:08:54,675 - INFO - Data inserted successfully into patient_demographics
2025-04-12 21:08:54,720 - INFO - Data inserted successfully into patient_visits
2025-04-12 21:08:54,770 - INFO - Data inserted successfully into patient_lab_results
2025-04-12 21:08:54,818 - INFO - Data inserted successfully into patient_medications
2025-04-12 21:08:54,868 - INFO - Data inserted successfully into physician_assignments
2025-04-13 10:51:31,020 - INFO - Successfully loaded cleaned_data.csv
2025-04-13 10:51:31,067 - INFO - Connected to Supabase database successfully.
2025-04-13 10:51:31,349 - INFO - Data inserted successfully into patient_demographics
2025-04-13 10:51:31,438 - INFO - Data inserted successfully into patient_visits
2025-04-13 10:51:31,524 - INFO - Data inserted successfully into patient_lab_results
2025-04-13 10:51:31,594 - INFO - Data inserted successfully into patient_medications
2025-04-13 10:51:31,667 - INFO - Data inserted successfully into physician_assignments
2025-04-14 10:38:21,442 - INFO - Successfully loaded cleaned_data.csv
2025-04-14 10:38:21,512 - INFO - Connected to Supabase database successfully.
2025-04-14 10:38:21,945 - INFO - Data inserted successfully into patient_demographics
2025-04-14 10:38:22,023 - INFO - Data inserted successfully into patient_visits
2025-04-14 10:38:22,080 - INFO - Data inserted successfully into patient_lab_results
2025-04-14 10:38:22,129 - INFO - Data inserted successfully into patient_medications
2025-04-14 10:38:22,191 - INFO - Data inserted successfully into physician_assignments
2025-04-14 11:52:44,869 - INFO - Successfully loaded cleaned_data.csv
2025-04-14 11:52:44,961 - INFO - Connected to Supabase database successfully.
2025-04-14 11:52:45,252 - INFO - Data inserted successfully into patient_demographics
2025-04-14 11:52:45,320 - INFO - Data inserted successfully into patient_visits
2025-04-14 11:52:45,376 - INFO - Data inserted successfully into patient_lab_results
2025-04-14 11:52:45,430 - INFO - Data inserted successfully into patient_medications
2025-04-14 11:52:45,484 - INFO - Data inserted successfully into physician_assignments
